

*******************************************************************************
Tue Apr 28 20:47:55 2026


FIT:    data read from 'press.dat' using 1:2
        format = x:z
        #datapoints = 1002
        residuals are weighted equally (unit weight)

function used for fitting: f(x)
	f(x) = m*x + b
fitted parameters initialized with current variable values

iter      chisq       delta/lim  lambda   m             b            
   0 3.9722150723e+14   0.00e+00  4.45e+05    1.000000e+00   1.000000e+00
   3 5.1891774009e+10  -4.87e-03  4.45e+02    4.165332e-04   1.008059e+00

After 3 iterations the fit converged.
final sum of squares of residuals : 5.18918e+10
rel. change during last iteration : -4.86861e-08

degrees of freedom    (FIT_NDF)                        : 1000
rms of residuals      (FIT_STDFIT) = sqrt(WSSR/ndf)    : 7203.59
variance of residuals (reduced chisquare) = WSSR/ndf   : 5.18918e+07

Final set of parameters            Asymptotic Standard Error
=======================            ==========================
m               = 0.000416533      +/- 0.0007868    (188.9%)
b               = 1.00806          +/- 495.5        (4.916e+04%)

correlation matrix of the fit parameters:
                m      b      
m               1.000 
b              -0.888  1.000 


*******************************************************************************
Tue Apr 28 20:49:59 2026


FIT:    data read from 'temp.dat' using 1:2
        format = x:z
        x range restricted to [0.00000 : 1.20000e+06]
        #datapoints = 1002
        residuals are weighted equally (unit weight)

function used for fitting: f(x)
	f(x) = m*x + b
fitted parameters initialized with current variable values

iter      chisq       delta/lim  lambda   m             b            
   0 1.0971569766e+09   0.00e+00  1.86e+02    4.165332e-04   1.008059e+00
   5 1.8224189679e+06  -4.50e-05  1.86e-03   -3.068721e-06   1.274245e+03

After 5 iterations the fit converged.
final sum of squares of residuals : 1.82242e+06
rel. change during last iteration : -4.49705e-10

degrees of freedom    (FIT_NDF)                        : 1000
rms of residuals      (FIT_STDFIT) = sqrt(WSSR/ndf)    : 42.6898
variance of residuals (reduced chisquare) = WSSR/ndf   : 1822.42

Final set of parameters            Asymptotic Standard Error
=======================            ==========================
m               = -3.06872e-06     +/- 4.662e-06    (151.9%)
b               = 1274.24          +/- 2.937        (0.2305%)

correlation matrix of the fit parameters:
                m      b      
m               1.000 
b              -0.888  1.000 


*******************************************************************************
Tue Apr 28 20:52:22 2026


FIT:    data read from 'temp.dat' using 1:2
        format = x:z
        #datapoints = 1002
        residuals are weighted equally (unit weight)

function used for fitting: f(x)
	f(x) = m*x + b
fitted parameters initialized with current variable values

iter      chisq       delta/lim  lambda   m             b            
   0 3.9607714869e+14   0.00e+00  4.45e+05    1.000000e+00   1.000000e+00
   8 1.8224189679e+06  -9.92e-02  4.45e-03   -3.068720e-06   1.274245e+03

After 8 iterations the fit converged.
final sum of squares of residuals : 1.82242e+06
rel. change during last iteration : -9.9195e-07

degrees of freedom    (FIT_NDF)                        : 1000
rms of residuals      (FIT_STDFIT) = sqrt(WSSR/ndf)    : 42.6898
variance of residuals (reduced chisquare) = WSSR/ndf   : 1822.42

Final set of parameters            Asymptotic Standard Error
=======================            ==========================
m               = -3.06872e-06     +/- 4.662e-06    (151.9%)
b               = 1274.24          +/- 2.937        (0.2305%)

correlation matrix of the fit parameters:
                m      b      
m               1.000 
b              -0.888  1.000 


*******************************************************************************
Tue Apr 28 20:54:29 2026


FIT:    data read from 'press.dat' using 1:2
        format = x:z
        #datapoints = 1002
        residuals are weighted equally (unit weight)

function used for fitting: f(x)
	f(x) = m*x + b
fitted parameters initialized with current variable values

iter      chisq       delta/lim  lambda   m             b            
   0 3.9722150723e+14   0.00e+00  4.45e+05    1.000000e+00   1.000000e+00
   3 5.1891774009e+10  -4.87e-03  4.45e+02    4.165332e-04   1.008059e+00

After 3 iterations the fit converged.
final sum of squares of residuals : 5.18918e+10
rel. change during last iteration : -4.86861e-08

degrees of freedom    (FIT_NDF)                        : 1000
rms of residuals      (FIT_STDFIT) = sqrt(WSSR/ndf)    : 7203.59
variance of residuals (reduced chisquare) = WSSR/ndf   : 5.18918e+07

Final set of parameters            Asymptotic Standard Error
=======================            ==========================
m               = 0.000416533      +/- 0.0007868    (188.9%)
b               = 1.00806          +/- 495.5        (4.916e+04%)

correlation matrix of the fit parameters:
                m      b      
m               1.000 
b              -0.888  1.000 


*******************************************************************************
Tue Apr 28 20:57:04 2026


FIT:    data read from 'temp.dat' using 1:2
        format = x:z
        #datapoints = 1002
        residuals are weighted equally (unit weight)

function used for fitting: f(x)
	f(x) = m*x + b
fitted parameters initialized with current variable values

iter      chisq       delta/lim  lambda   m             b            
   0 3.9607714869e+14   0.00e+00  4.45e+05    1.000000e+00   1.000000e+00
   8 1.8224189679e+06  -9.92e-02  4.45e-03   -3.068720e-06   1.274245e+03

After 8 iterations the fit converged.
final sum of squares of residuals : 1.82242e+06
rel. change during last iteration : -9.9195e-07

degrees of freedom    (FIT_NDF)                        : 1000
rms of residuals      (FIT_STDFIT) = sqrt(WSSR/ndf)    : 42.6898
variance of residuals (reduced chisquare) = WSSR/ndf   : 1822.42

Final set of parameters            Asymptotic Standard Error
=======================            ==========================
m               = -3.06872e-06     +/- 4.662e-06    (151.9%)
b               = 1274.24          +/- 2.937        (0.2305%)

correlation matrix of the fit parameters:
                m      b      
m               1.000 
b              -0.888  1.000 


*******************************************************************************
Tue Apr 28 20:57:56 2026


FIT:    data read from 'press.dat' using 1:2
        format = x:z
        #datapoints = 1002
        residuals are weighted equally (unit weight)

function used for fitting: f(x)
	f(x) = m*x + b
fitted parameters initialized with current variable values

iter      chisq       delta/lim  lambda   m             b            
   0 3.9722150723e+14   0.00e+00  4.45e+05    1.000000e+00   1.000000e+00
   3 5.1891774009e+10  -4.87e-03  4.45e+02    4.165332e-04   1.008059e+00

After 3 iterations the fit converged.
final sum of squares of residuals : 5.18918e+10
rel. change during last iteration : -4.86861e-08

degrees of freedom    (FIT_NDF)                        : 1000
rms of residuals      (FIT_STDFIT) = sqrt(WSSR/ndf)    : 7203.59
variance of residuals (reduced chisquare) = WSSR/ndf   : 5.18918e+07

Final set of parameters            Asymptotic Standard Error
=======================            ==========================
m               = 0.000416533      +/- 0.0007868    (188.9%)
b               = 1.00806          +/- 495.5        (4.916e+04%)

correlation matrix of the fit parameters:
                m      b      
m               1.000 
b              -0.888  1.000 
